<?xml version="1.0" encoding="UTF-8"?>
<testsuite xmlns:xsi="http://www.w3.org/2001/XMLSchema-instance" xsi:noNamespaceSchemaLocation="https://maven.apache.org/surefire/maven-surefire-plugin/xsd/surefire-test-report.xsd" version="3.0.2" name="com.lms.attendance.KoreaAttendanceApplicationTests" time="3.311" tests="1" errors="0" skipped="0" failures="0">
  <properties>
    <property name="java.specification.version" value="18"/>
    <property name="sun.cpu.isalist" value="amd64"/>
    <property name="sun.jnu.encoding" value="MS949"/>
    <property name="java.class.path" value="C:\GitRepository\LearnAliveLMS\LearnAlive\target\test-classes;C:\GitRepository\LearnAliveLMS\LearnAlive\target\classes;C:\Users\HYEn\.m2\repository\org\springframework\boot\spring-boot-starter-web\3.4.2\spring-boot-starter-web-3.4.2.jar;C:\Users\HYEn\.m2\repository\org\springframework\boot\spring-boot-starter\3.4.2\spring-boot-starter-3.4.2.jar;C:\Users\HYEn\.m2\repository\org\springframework\boot\spring-boot-starter-logging\3.4.2\spring-boot-starter-logging-3.4.2.jar;C:\Users\HYEn\.m2\repository\ch\qos\logback\logback-classic\1.5.16\logback-classic-1.5.16.jar;C:\Users\HYEn\.m2\repository\ch\qos\logback\logback-core\1.5.16\logback-core-1.5.16.jar;C:\Users\HYEn\.m2\repository\org\apache\logging\log4j\log4j-to-slf4j\2.24.3\log4j-to-slf4j-2.24.3.jar;C:\Users\HYEn\.m2\repository\org\apache\logging\log4j\log4j-api\2.24.3\log4j-api-2.24.3.jar;C:\Users\HYEn\.m2\repository\org\slf4j\jul-to-slf4j\2.0.16\jul-to-slf4j-2.0.16.jar;C:\Users\HYEn\.m2\repository\org\yaml\snakeyaml\2.3\snakeyaml-2.3.jar;C:\Users\HYEn\.m2\repository\org\springframework\boot\spring-boot-starter-json\3.4.2\spring-boot-starter-json-3.4.2.jar;C:\Users\HYEn\.m2\repository\com\fasterxml\jackson\datatype\jackson-datatype-jdk8\2.18.2\jackson-datatype-jdk8-2.18.2.jar;C:\Users\HYEn\.m2\repository\com\fasterxml\jackson\datatype\jackson-datatype-jsr310\2.18.2\jackson-datatype-jsr310-2.18.2.jar;C:\Users\HYEn\.m2\repository\com\fasterxml\jackson\module\jackson-module-parameter-names\2.18.2\jackson-module-parameter-names-2.18.2.jar;C:\Users\HYEn\.m2\repository\org\springframework\spring-web\6.2.2\spring-web-6.2.2.jar;C:\Users\HYEn\.m2\repository\org\springframework\spring-beans\6.2.2\spring-beans-6.2.2.jar;C:\Users\HYEn\.m2\repository\io\micrometer\micrometer-observation\1.14.3\micrometer-observation-1.14.3.jar;C:\Users\HYEn\.m2\repository\io\micrometer\micrometer-commons\1.14.3\micrometer-commons-1.14.3.jar;C:\Users\HYEn\.m2\repository\org\springframework\spring-webmvc\6.2.2\spring-webmvc-6.2.2.jar;C:\Users\HYEn\.m2\repository\org\springframework\spring-context\6.2.2\spring-context-6.2.2.jar;C:\Users\HYEn\.m2\repository\org\springframework\spring-expression\6.2.2\spring-expression-6.2.2.jar;C:\Users\HYEn\.m2\repository\org\mybatis\spring\boot\mybatis-spring-boot-starter\3.0.4\mybatis-spring-boot-starter-3.0.4.jar;C:\Users\HYEn\.m2\repository\org\springframework\boot\spring-boot-starter-jdbc\3.4.2\spring-boot-starter-jdbc-3.4.2.jar;C:\Users\HYEn\.m2\repository\com\zaxxer\HikariCP\5.1.0\HikariCP-5.1.0.jar;C:\Users\HYEn\.m2\repository\org\springframework\spring-jdbc\6.2.2\spring-jdbc-6.2.2.jar;C:\Users\HYEn\.m2\repository\org\mybatis\spring\boot\mybatis-spring-boot-autoconfigure\3.0.4\mybatis-spring-boot-autoconfigure-3.0.4.jar;C:\Users\HYEn\.m2\repository\org\mybatis\mybatis\3.5.17\mybatis-3.5.17.jar;C:\Users\HYEn\.m2\repository\org\mybatis\mybatis-spring\3.0.4\mybatis-spring-3.0.4.jar;C:\Users\HYEn\.m2\repository\org\springframework\boot\spring-boot-devtools\3.4.2\spring-boot-devtools-3.4.2.jar;C:\Users\HYEn\.m2\repository\org\springframework\boot\spring-boot\3.4.2\spring-boot-3.4.2.jar;C:\Users\HYEn\.m2\repository\org\springframework\boot\spring-boot-autoconfigure\3.4.2\spring-boot-autoconfigure-3.4.2.jar;C:\Users\HYEn\.m2\repository\com\mysql\mysql-connector-j\9.1.0\mysql-connector-j-9.1.0.jar;C:\Users\HYEn\.m2\repository\org\projectlombok\lombok\1.18.36\lombok-1.18.36.jar;C:\Users\HYEn\.m2\repository\org\springframework\boot\spring-boot-starter-tomcat\3.4.2\spring-boot-starter-tomcat-3.4.2.jar;C:\Users\HYEn\.m2\repository\jakarta\annotation\jakarta.annotation-api\2.1.1\jakarta.annotation-api-2.1.1.jar;C:\Users\HYEn\.m2\repository\org\apache\tomcat\embed\tomcat-embed-core\10.1.34\tomcat-embed-core-10.1.34.jar;C:\Users\HYEn\.m2\repository\org\apache\tomcat\embed\tomcat-embed-el\10.1.34\tomcat-embed-el-10.1.34.jar;C:\Users\HYEn\.m2\repository\org\apache\tomcat\embed\tomcat-embed-websocket\10.1.34\tomcat-embed-websocket-10.1.34.jar;C:\Users\HYEn\.m2\repository\org\springframework\boot\spring-boot-starter-test\3.4.2\spring-boot-starter-test-3.4.2.jar;C:\Users\HYEn\.m2\repository\org\springframework\boot\spring-boot-test\3.4.2\spring-boot-test-3.4.2.jar;C:\Users\HYEn\.m2\repository\org\springframework\boot\spring-boot-test-autoconfigure\3.4.2\spring-boot-test-autoconfigure-3.4.2.jar;C:\Users\HYEn\.m2\repository\com\jayway\jsonpath\json-path\2.9.0\json-path-2.9.0.jar;C:\Users\HYEn\.m2\repository\org\slf4j\slf4j-api\2.0.16\slf4j-api-2.0.16.jar;C:\Users\HYEn\.m2\repository\jakarta\xml\bind\jakarta.xml.bind-api\4.0.2\jakarta.xml.bind-api-4.0.2.jar;C:\Users\HYEn\.m2\repository\jakarta\activation\jakarta.activation-api\2.1.3\jakarta.activation-api-2.1.3.jar;C:\Users\HYEn\.m2\repository\net\minidev\json-smart\2.5.1\json-smart-2.5.1.jar;C:\Users\HYEn\.m2\repository\net\minidev\accessors-smart\2.5.1\accessors-smart-2.5.1.jar;C:\Users\HYEn\.m2\repository\org\ow2\asm\asm\9.6\asm-9.6.jar;C:\Users\HYEn\.m2\repository\org\assertj\assertj-core\3.26.3\assertj-core-3.26.3.jar;C:\Users\HYEn\.m2\repository\net\bytebuddy\byte-buddy\1.15.11\byte-buddy-1.15.11.jar;C:\Users\HYEn\.m2\repository\org\awaitility\awaitility\4.2.2\awaitility-4.2.2.jar;C:\Users\HYEn\.m2\repository\org\hamcrest\hamcrest\2.2\hamcrest-2.2.jar;C:\Users\HYEn\.m2\repository\org\junit\jupiter\junit-jupiter\5.11.4\junit-jupiter-5.11.4.jar;C:\Users\HYEn\.m2\repository\org\junit\jupiter\junit-jupiter-api\5.11.4\junit-jupiter-api-5.11.4.jar;C:\Users\HYEn\.m2\repository\org\opentest4j\opentest4j\1.3.0\opentest4j-1.3.0.jar;C:\Users\HYEn\.m2\repository\org\junit\platform\junit-platform-commons\1.11.4\junit-platform-commons-1.11.4.jar;C:\Users\HYEn\.m2\repository\org\apiguardian\apiguardian-api\1.1.2\apiguardian-api-1.1.2.jar;C:\Users\HYEn\.m2\repository\org\junit\jupiter\junit-jupiter-params\5.11.4\junit-jupiter-params-5.11.4.jar;C:\Users\HYEn\.m2\repository\org\junit\jupiter\junit-jupiter-engine\5.11.4\junit-jupiter-engine-5.11.4.jar;C:\Users\HYEn\.m2\repository\org\junit\platform\junit-platform-engine\1.11.4\junit-platform-engine-1.11.4.jar;C:\Users\HYEn\.m2\repository\org\mockito\mockito-core\5.14.2\mockito-core-5.14.2.jar;C:\Users\HYEn\.m2\repository\net\bytebuddy\byte-buddy-agent\1.15.11\byte-buddy-agent-1.15.11.jar;C:\Users\HYEn\.m2\repository\org\objenesis\objenesis\3.3\objenesis-3.3.jar;C:\Users\HYEn\.m2\repository\org\mockito\mockito-junit-jupiter\5.14.2\mockito-junit-jupiter-5.14.2.jar;C:\Users\HYEn\.m2\repository\org\skyscreamer\jsonassert\1.5.3\jsonassert-1.5.3.jar;C:\Users\HYEn\.m2\repository\com\vaadin\external\google\android-json\0.0.20131108.vaadin1\android-json-0.0.20131108.vaadin1.jar;C:\Users\HYEn\.m2\repository\org\springframework\spring-core\6.2.2\spring-core-6.2.2.jar;C:\Users\HYEn\.m2\repository\org\springframework\spring-jcl\6.2.2\spring-jcl-6.2.2.jar;C:\Users\HYEn\.m2\repository\org\springframework\spring-test\6.2.2\spring-test-6.2.2.jar;C:\Users\HYEn\.m2\repository\org\xmlunit\xmlunit-core\2.10.0\xmlunit-core-2.10.0.jar;C:\Users\HYEn\.m2\repository\org\mybatis\spring\boot\mybatis-spring-boot-starter-test\3.0.4\mybatis-spring-boot-starter-test-3.0.4.jar;C:\Users\HYEn\.m2\repository\org\mybatis\spring\boot\mybatis-spring-boot-test-autoconfigure\3.0.4\mybatis-spring-boot-test-autoconfigure-3.0.4.jar;C:\Users\HYEn\.m2\repository\org\springframework\spring-tx\6.2.2\spring-tx-6.2.2.jar;C:\Users\HYEn\.m2\repository\org\springframework\security\spring-security-test\6.4.2\spring-security-test-6.4.2.jar;C:\Users\HYEn\.m2\repository\org\springframework\security\spring-security-core\6.4.2\spring-security-core-6.4.2.jar;C:\Users\HYEn\.m2\repository\org\springframework\security\spring-security-crypto\6.4.2\spring-security-crypto-6.4.2.jar;C:\Users\HYEn\.m2\repository\org\springframework\security\spring-security-web\6.4.2\spring-security-web-6.4.2.jar;C:\Users\HYEn\.m2\repository\org\springframework\boot\spring-boot-starter-security\3.4.2\spring-boot-starter-security-3.4.2.jar;C:\Users\HYEn\.m2\repository\org\springframework\spring-aop\6.2.2\spring-aop-6.2.2.jar;C:\Users\HYEn\.m2\repository\org\springframework\security\spring-security-config\6.4.2\spring-security-config-6.4.2.jar;C:\Users\HYEn\.m2\repository\com\google\code\gson\gson\2.8.9\gson-2.8.9.jar;C:\Users\HYEn\.m2\repository\org\springframework\boot\spring-boot-starter-websocket\3.4.2\spring-boot-starter-websocket-3.4.2.jar;C:\Users\HYEn\.m2\repository\org\springframework\spring-messaging\6.2.2\spring-messaging-6.2.2.jar;C:\Users\HYEn\.m2\repository\org\springframework\spring-websocket\6.2.2\spring-websocket-6.2.2.jar;C:\Users\HYEn\.m2\repository\com\fasterxml\jackson\core\jackson-databind\2.18.2\jackson-databind-2.18.2.jar;C:\Users\HYEn\.m2\repository\com\fasterxml\jackson\core\jackson-annotations\2.18.2\jackson-annotations-2.18.2.jar;C:\Users\HYEn\.m2\repository\com\fasterxml\jackson\core\jackson-core\2.18.2\jackson-core-2.18.2.jar;"/>
    <property name="java.vm.vendor" value="Oracle Corporation"/>
    <property name="sun.arch.data.model" value="64"/>
    <property name="user.variant" value=""/>
    <property name="java.vendor.url" value="https://java.oracle.com/"/>
    <property name="user.timezone" value="Asia/Seoul"/>
    <property name="os.name" value="Windows 10"/>
    <property name="java.vm.specification.version" value="18"/>
    <property name="APPLICATION_NAME" value="LearnAlive"/>
    <property name="sun.java.launcher" value="SUN_STANDARD"/>
    <property name="user.country" value="KR"/>
    <property name="sun.boot.library.path" value="C:\Program Files\Java\jdk-18.0.2\bin"/>
    <property name="sun.java.command" value="C:\Users\HYEn\AppData\Local\Temp\surefire9797729461029774003\surefirebooter-20250329205812714_3.jar C:\Users\HYEn\AppData\Local\Temp\surefire9797729461029774003 2025-03-29T20-58-12_577-jvmRun1 surefire-20250329205812714_1tmp surefire_0-20250329205812714_2tmp"/>
    <property name="jdk.debug" value="release"/>
    <property name="surefire.test.class.path" value="C:\GitRepository\LearnAliveLMS\LearnAlive\target\test-classes;C:\GitRepository\LearnAliveLMS\LearnAlive\target\classes;C:\Users\HYEn\.m2\repository\org\springframework\boot\spring-boot-starter-web\3.4.2\spring-boot-starter-web-3.4.2.jar;C:\Users\HYEn\.m2\repository\org\springframework\boot\spring-boot-starter\3.4.2\spring-boot-starter-3.4.2.jar;C:\Users\HYEn\.m2\repository\org\springframework\boot\spring-boot-starter-logging\3.4.2\spring-boot-starter-logging-3.4.2.jar;C:\Users\HYEn\.m2\repository\ch\qos\logback\logback-classic\1.5.16\logback-classic-1.5.16.jar;C:\Users\HYEn\.m2\repository\ch\qos\logback\logback-core\1.5.16\logback-core-1.5.16.jar;C:\Users\HYEn\.m2\repository\org\apache\logging\log4j\log4j-to-slf4j\2.24.3\log4j-to-slf4j-2.24.3.jar;C:\Users\HYEn\.m2\repository\org\apache\logging\log4j\log4j-api\2.24.3\log4j-api-2.24.3.jar;C:\Users\HYEn\.m2\repository\org\slf4j\jul-to-slf4j\2.0.16\jul-to-slf4j-2.0.16.jar;C:\Users\HYEn\.m2\repository\org\yaml\snakeyaml\2.3\snakeyaml-2.3.jar;C:\Users\HYEn\.m2\repository\org\springframework\boot\spring-boot-starter-json\3.4.2\spring-boot-starter-json-3.4.2.jar;C:\Users\HYEn\.m2\repository\com\fasterxml\jackson\datatype\jackson-datatype-jdk8\2.18.2\jackson-datatype-jdk8-2.18.2.jar;C:\Users\HYEn\.m2\repository\com\fasterxml\jackson\datatype\jackson-datatype-jsr310\2.18.2\jackson-datatype-jsr310-2.18.2.jar;C:\Users\HYEn\.m2\repository\com\fasterxml\jackson\module\jackson-module-parameter-names\2.18.2\jackson-module-parameter-names-2.18.2.jar;C:\Users\HYEn\.m2\repository\org\springframework\spring-web\6.2.2\spring-web-6.2.2.jar;C:\Users\HYEn\.m2\repository\org\springframework\spring-beans\6.2.2\spring-beans-6.2.2.jar;C:\Users\HYEn\.m2\repository\io\micrometer\micrometer-observation\1.14.3\micrometer-observation-1.14.3.jar;C:\Users\HYEn\.m2\repository\io\micrometer\micrometer-commons\1.14.3\micrometer-commons-1.14.3.jar;C:\Users\HYEn\.m2\repository\org\springframework\spring-webmvc\6.2.2\spring-webmvc-6.2.2.jar;C:\Users\HYEn\.m2\repository\org\springframework\spring-context\6.2.2\spring-context-6.2.2.jar;C:\Users\HYEn\.m2\repository\org\springframework\spring-expression\6.2.2\spring-expression-6.2.2.jar;C:\Users\HYEn\.m2\repository\org\mybatis\spring\boot\mybatis-spring-boot-starter\3.0.4\mybatis-spring-boot-starter-3.0.4.jar;C:\Users\HYEn\.m2\repository\org\springframework\boot\spring-boot-starter-jdbc\3.4.2\spring-boot-starter-jdbc-3.4.2.jar;C:\Users\HYEn\.m2\repository\com\zaxxer\HikariCP\5.1.0\HikariCP-5.1.0.jar;C:\Users\HYEn\.m2\repository\org\springframework\spring-jdbc\6.2.2\spring-jdbc-6.2.2.jar;C:\Users\HYEn\.m2\repository\org\mybatis\spring\boot\mybatis-spring-boot-autoconfigure\3.0.4\mybatis-spring-boot-autoconfigure-3.0.4.jar;C:\Users\HYEn\.m2\repository\org\mybatis\mybatis\3.5.17\mybatis-3.5.17.jar;C:\Users\HYEn\.m2\repository\org\mybatis\mybatis-spring\3.0.4\mybatis-spring-3.0.4.jar;C:\Users\HYEn\.m2\repository\org\springframework\boot\spring-boot-devtools\3.4.2\spring-boot-devtools-3.4.2.jar;C:\Users\HYEn\.m2\repository\org\springframework\boot\spring-boot\3.4.2\spring-boot-3.4.2.jar;C:\Users\HYEn\.m2\repository\org\springframework\boot\spring-boot-autoconfigure\3.4.2\spring-boot-autoconfigure-3.4.2.jar;C:\Users\HYEn\.m2\repository\com\mysql\mysql-connector-j\9.1.0\mysql-connector-j-9.1.0.jar;C:\Users\HYEn\.m2\repository\org\projectlombok\lombok\1.18.36\lombok-1.18.36.jar;C:\Users\HYEn\.m2\repository\org\springframework\boot\spring-boot-starter-tomcat\3.4.2\spring-boot-starter-tomcat-3.4.2.jar;C:\Users\HYEn\.m2\repository\jakarta\annotation\jakarta.annotation-api\2.1.1\jakarta.annotation-api-2.1.1.jar;C:\Users\HYEn\.m2\repository\org\apache\tomcat\embed\tomcat-embed-core\10.1.34\tomcat-embed-core-10.1.34.jar;C:\Users\HYEn\.m2\repository\org\apache\tomcat\embed\tomcat-embed-el\10.1.34\tomcat-embed-el-10.1.34.jar;C:\Users\HYEn\.m2\repository\org\apache\tomcat\embed\tomcat-embed-websocket\10.1.34\tomcat-embed-websocket-10.1.34.jar;C:\Users\HYEn\.m2\repository\org\springframework\boot\spring-boot-starter-test\3.4.2\spring-boot-starter-test-3.4.2.jar;C:\Users\HYEn\.m2\repository\org\springframework\boot\spring-boot-test\3.4.2\spring-boot-test-3.4.2.jar;C:\Users\HYEn\.m2\repository\org\springframework\boot\spring-boot-test-autoconfigure\3.4.2\spring-boot-test-autoconfigure-3.4.2.jar;C:\Users\HYEn\.m2\repository\com\jayway\jsonpath\json-path\2.9.0\json-path-2.9.0.jar;C:\Users\HYEn\.m2\repository\org\slf4j\slf4j-api\2.0.16\slf4j-api-2.0.16.jar;C:\Users\HYEn\.m2\repository\jakarta\xml\bind\jakarta.xml.bind-api\4.0.2\jakarta.xml.bind-api-4.0.2.jar;C:\Users\HYEn\.m2\repository\jakarta\activation\jakarta.activation-api\2.1.3\jakarta.activation-api-2.1.3.jar;C:\Users\HYEn\.m2\repository\net\minidev\json-smart\2.5.1\json-smart-2.5.1.jar;C:\Users\HYEn\.m2\repository\net\minidev\accessors-smart\2.5.1\accessors-smart-2.5.1.jar;C:\Users\HYEn\.m2\repository\org\ow2\asm\asm\9.6\asm-9.6.jar;C:\Users\HYEn\.m2\repository\org\assertj\assertj-core\3.26.3\assertj-core-3.26.3.jar;C:\Users\HYEn\.m2\repository\net\bytebuddy\byte-buddy\1.15.11\byte-buddy-1.15.11.jar;C:\Users\HYEn\.m2\repository\org\awaitility\awaitility\4.2.2\awaitility-4.2.2.jar;C:\Users\HYEn\.m2\repository\org\hamcrest\hamcrest\2.2\hamcrest-2.2.jar;C:\Users\HYEn\.m2\repository\org\junit\jupiter\junit-jupiter\5.11.4\junit-jupiter-5.11.4.jar;C:\Users\HYEn\.m2\repository\org\junit\jupiter\junit-jupiter-api\5.11.4\junit-jupiter-api-5.11.4.jar;C:\Users\HYEn\.m2\repository\org\opentest4j\opentest4j\1.3.0\opentest4j-1.3.0.jar;C:\Users\HYEn\.m2\repository\org\junit\platform\junit-platform-commons\1.11.4\junit-platform-commons-1.11.4.jar;C:\Users\HYEn\.m2\repository\org\apiguardian\apiguardian-api\1.1.2\apiguardian-api-1.1.2.jar;C:\Users\HYEn\.m2\repository\org\junit\jupiter\junit-jupiter-params\5.11.4\junit-jupiter-params-5.11.4.jar;C:\Users\HYEn\.m2\repository\org\junit\jupiter\junit-jupiter-engine\5.11.4\junit-jupiter-engine-5.11.4.jar;C:\Users\HYEn\.m2\repository\org\junit\platform\junit-platform-engine\1.11.4\junit-platform-engine-1.11.4.jar;C:\Users\HYEn\.m2\repository\org\mockito\mockito-core\5.14.2\mockito-core-5.14.2.jar;C:\Users\HYEn\.m2\repository\net\bytebuddy\byte-buddy-agent\1.15.11\byte-buddy-agent-1.15.11.jar;C:\Users\HYEn\.m2\repository\org\objenesis\objenesis\3.3\objenesis-3.3.jar;C:\Users\HYEn\.m2\repository\org\mockito\mockito-junit-jupiter\5.14.2\mockito-junit-jupiter-5.14.2.jar;C:\Users\HYEn\.m2\repository\org\skyscreamer\jsonassert\1.5.3\jsonassert-1.5.3.jar;C:\Users\HYEn\.m2\repository\com\vaadin\external\google\android-json\0.0.20131108.vaadin1\android-json-0.0.20131108.vaadin1.jar;C:\Users\HYEn\.m2\repository\org\springframework\spring-core\6.2.2\spring-core-6.2.2.jar;C:\Users\HYEn\.m2\repository\org\springframework\spring-jcl\6.2.2\spring-jcl-6.2.2.jar;C:\Users\HYEn\.m2\repository\org\springframework\spring-test\6.2.2\spring-test-6.2.2.jar;C:\Users\HYEn\.m2\repository\org\xmlunit\xmlunit-core\2.10.0\xmlunit-core-2.10.0.jar;C:\Users\HYEn\.m2\repository\org\mybatis\spring\boot\mybatis-spring-boot-starter-test\3.0.4\mybatis-spring-boot-starter-test-3.0.4.jar;C:\Users\HYEn\.m2\repository\org\mybatis\spring\boot\mybatis-spring-boot-test-autoconfigure\3.0.4\mybatis-spring-boot-test-autoconfigure-3.0.4.jar;C:\Users\HYEn\.m2\repository\org\springframework\spring-tx\6.2.2\spring-tx-6.2.2.jar;C:\Users\HYEn\.m2\repository\org\springframework\security\spring-security-test\6.4.2\spring-security-test-6.4.2.jar;C:\Users\HYEn\.m2\repository\org\springframework\security\spring-security-core\6.4.2\spring-security-core-6.4.2.jar;C:\Users\HYEn\.m2\repository\org\springframework\security\spring-security-crypto\6.4.2\spring-security-crypto-6.4.2.jar;C:\Users\HYEn\.m2\repository\org\springframework\security\spring-security-web\6.4.2\spring-security-web-6.4.2.jar;C:\Users\HYEn\.m2\repository\org\springframework\boot\spring-boot-starter-security\3.4.2\spring-boot-starter-security-3.4.2.jar;C:\Users\HYEn\.m2\repository\org\springframework\spring-aop\6.2.2\spring-aop-6.2.2.jar;C:\Users\HYEn\.m2\repository\org\springframework\security\spring-security-config\6.4.2\spring-security-config-6.4.2.jar;C:\Users\HYEn\.m2\repository\com\google\code\gson\gson\2.8.9\gson-2.8.9.jar;C:\Users\HYEn\.m2\repository\org\springframework\boot\spring-boot-starter-websocket\3.4.2\spring-boot-starter-websocket-3.4.2.jar;C:\Users\HYEn\.m2\repository\org\springframework\spring-messaging\6.2.2\spring-messaging-6.2.2.jar;C:\Users\HYEn\.m2\repository\org\springframework\spring-websocket\6.2.2\spring-websocket-6.2.2.jar;C:\Users\HYEn\.m2\repository\com\fasterxml\jackson\core\jackson-databind\2.18.2\jackson-databind-2.18.2.jar;C:\Users\HYEn\.m2\repository\com\fasterxml\jackson\core\jackson-annotations\2.18.2\jackson-annotations-2.18.2.jar;C:\Users\HYEn\.m2\repository\com\fasterxml\jackson\core\jackson-core\2.18.2\jackson-core-2.18.2.jar;"/>
    <property name="sun.cpu.endian" value="little"/>
    <property name="user.home" value="C:\Users\HYEn"/>
    <property name="user.language" value="ko"/>
    <property name="java.specification.vendor" value="Oracle Corporation"/>
    <property name="java.version.date" value="2022-07-19"/>
    <property name="java.home" value="C:\Program Files\Java\jdk-18.0.2"/>
    <property name="file.separator" value="\"/>
    <property name="basedir" value="C:\GitRepository\LearnAliveLMS\LearnAlive"/>
    <property name="java.vm.compressedOopsMode" value="Zero based"/>
    <property name="line.separator" value="&#10;"/>
    <property name="java.vm.specification.vendor" value="Oracle Corporation"/>
    <property name="java.specification.name" value="Java Platform API Specification"/>
    <property name="FILE_LOG_CHARSET" value="UTF-8"/>
    <property name="java.awt.headless" value="true"/>
    <property name="surefire.real.class.path" value="C:\Users\HYEn\AppData\Local\Temp\surefire9797729461029774003\surefirebooter-20250329205812714_3.jar"/>
    <property name="user.script" value=""/>
    <property name="sun.management.compiler" value="HotSpot 64-Bit Tiered Compilers"/>
    <property name="java.runtime.version" value="18.0.2+9-61"/>
    <property name="user.name" value="HYEn"/>
    <property name="path.separator" value=";"/>
    <property name="os.version" value="10.0"/>
    <property name="java.runtime.name" value="Java(TM) SE Runtime Environment"/>
    <property name="file.encoding" value="UTF-8"/>
    <property name="java.vm.name" value="Java HotSpot(TM) 64-Bit Server VM"/>
    <property name="localRepository" value="C:\Users\HYEn\.m2\repository"/>
    <property name="java.vendor.url.bug" value="https://bugreport.java.com/bugreport/"/>
    <property name="java.io.tmpdir" value="C:\Users\HYEn\AppData\Local\Temp\"/>
    <property name="java.version" value="18.0.2"/>
    <property name="user.dir" value="C:\GitRepository\LearnAliveLMS\LearnAlive"/>
    <property name="os.arch" value="amd64"/>
    <property name="java.vm.specification.name" value="Java Virtual Machine Specification"/>
    <property name="PID" value="55936"/>
    <property name="sun.os.patch.level" value=""/>
    <property name="CONSOLE_LOG_CHARSET" value="UTF-8"/>
    <property name="native.encoding" value="MS949"/>
    <property name="java.library.path" value="C:\Program Files\Java\jdk-18.0.2\bin;C:\Windows\Sun\Java\bin;C:\Windows\system32;C:\Windows;C:\Program Files\Common Files\Oracle\Java\javapath;C:\Python313\Scripts\;C:\Python313\;C:\Windows\system32;C:\Windows;C:\Windows\System32\Wbem;C:\Windows\System32\WindowsPowerShell\v1.0\;C:\Windows\System32\OpenSSH\;C:\Program Files (x86)\NVIDIA Corporation\PhysX\Common;C:\Program Files\nodejs\;C:\ProgramData\chocolatey\bin;C:\Program Files\Git\cmd;C:\Program Files\Docker\Docker\resources\bin;C:\Program Files\dotnet\;C:\Users\HYEn\AppData\Local\Microsoft\WindowsApps;C:\Program Files\Java\jdk-18.0.2\bin;C:\Users\HYEn\AppData\Local\Programs\Microsoft VS Code\bin;C:\Gradle\gradle-8.12\bin;C:\Users\HYEn\AppData\Roaming\npm;C:\Program Files\heroku\bin;C:\Program Files\Apache\maven\bin;C:\Program Files\Java\jdk-18.0.2\jdk-18.0.2;C:\Program Files\MySQL\MySQL Server 8.0\bin;;."/>
    <property name="java.vm.info" value="mixed mode, sharing"/>
    <property name="java.vendor" value="Oracle Corporation"/>
    <property name="java.vm.version" value="18.0.2+9-61"/>
    <property name="sun.io.unicode.encoding" value="UnicodeLittle"/>
    <property name="java.class.version" value="62.0"/>
    <property name="LOGGED_APPLICATION_NAME" value="[LearnAlive] "/>
  </properties>
  <testcase name="contextLoads" classname="com.lms.attendance.KoreaAttendanceApplicationTests" time="0.631">
    <system-out><![CDATA[20:58:13.559 [main] INFO org.springframework.boot.devtools.restart.RestartApplicationListener -- Restart disabled due to context in which it is running

  .   ____          _            __ _ _
 /\\ / ___'_ __ _ _(_)_ __  __ _ \ \ \ \
( ( )\___ | '_ | '_| | '_ \/ _` | \ \ \ \
 \\/  ___)| |_)| | | | | || (_| |  ) ) ) )
  '  |____| .__|_| |_|_| |_\__, | / / / /
 =========|_|==============|___/=/_/_/_/

 :: Spring Boot ::                (v3.4.2)

2025-03-29T20:58:13.807+09:00  INFO 55936 --- [LearnAlive] [           main] c.l.a.KoreaAttendanceApplicationTests    : Starting KoreaAttendanceApplicationTests using Java 18.0.2 with PID 55936 (started by HYEn in C:\GitRepository\LearnAliveLMS\LearnAlive)
2025-03-29T20:58:13.808+09:00  INFO 55936 --- [LearnAlive] [           main] c.l.a.KoreaAttendanceApplicationTests    : No active profile set, falling back to 1 default profile: "default"
2025-03-29T20:58:14.528+09:00 DEBUG 55936 --- [LearnAlive] [           main] org.apache.ibatis.logging.LogFactory     : Logging initialized using 'class org.apache.ibatis.logging.slf4j.Slf4jImpl' adapter.
2025-03-29T20:58:14.531+09:00 DEBUG 55936 --- [LearnAlive] [           main] o.m.s.mapper.ClassPathMapperScanner      : Identified candidate component class: file [C:\GitRepository\LearnAliveLMS\LearnAlive\target\classes\com\lms\attendance\repository\AchievementMapper.class]
2025-03-29T20:58:14.531+09:00 DEBUG 55936 --- [LearnAlive] [           main] o.m.s.mapper.ClassPathMapperScanner      : Identified candidate component class: file [C:\GitRepository\LearnAliveLMS\LearnAlive\target\classes\com\lms\attendance\repository\AlarmListMapper.class]
2025-03-29T20:58:14.531+09:00 DEBUG 55936 --- [LearnAlive] [           main] o.m.s.mapper.ClassPathMapperScanner      : Identified candidate component class: file [C:\GitRepository\LearnAliveLMS\LearnAlive\target\classes\com\lms\attendance\repository\AttendanceMapper.class]
2025-03-29T20:58:14.532+09:00 DEBUG 55936 --- [LearnAlive] [           main] o.m.s.mapper.ClassPathMapperScanner      : Identified candidate component class: file [C:\GitRepository\LearnAliveLMS\LearnAlive\target\classes\com\lms\attendance\repository\AuthMapper.class]
2025-03-29T20:58:14.532+09:00 DEBUG 55936 --- [LearnAlive] [           main] o.m.s.mapper.ClassPathMapperScanner      : Identified candidate component class: file [C:\GitRepository\LearnAliveLMS\LearnAlive\target\classes\com\lms\attendance\repository\BoardMapper.class]
2025-03-29T20:58:14.532+09:00 DEBUG 55936 --- [LearnAlive] [           main] o.m.s.mapper.ClassPathMapperScanner      : Identified candidate component class: file [C:\GitRepository\LearnAliveLMS\LearnAlive\target\classes\com\lms\attendance\repository\ClassMapper.class]
2025-03-29T20:58:14.532+09:00 DEBUG 55936 --- [LearnAlive] [           main] o.m.s.mapper.ClassPathMapperScanner      : Identified candidate component class: file [C:\GitRepository\LearnAliveLMS\LearnAlive\target\classes\com\lms\attendance\repository\CourseMapper.class]
2025-03-29T20:58:14.532+09:00 DEBUG 55936 --- [LearnAlive] [           main] o.m.s.mapper.ClassPathMapperScanner      : Identified candidate component class: file [C:\GitRepository\LearnAliveLMS\LearnAlive\target\classes\com\lms\attendance\repository\DatabaseMapper.class]
2025-03-29T20:58:14.532+09:00 DEBUG 55936 --- [LearnAlive] [           main] o.m.s.mapper.ClassPathMapperScanner      : Identified candidate component class: file [C:\GitRepository\LearnAliveLMS\LearnAlive\target\classes\com\lms\attendance\repository\DepartmentMapper.class]
2025-03-29T20:58:14.533+09:00 DEBUG 55936 --- [LearnAlive] [           main] o.m.s.mapper.ClassPathMapperScanner      : Identified candidate component class: file [C:\GitRepository\LearnAliveLMS\LearnAlive\target\classes\com\lms\attendance\repository\ExamAnswerMapper.class]
2025-03-29T20:58:14.533+09:00 DEBUG 55936 --- [LearnAlive] [           main] o.m.s.mapper.ClassPathMapperScanner      : Identified candidate component class: file [C:\GitRepository\LearnAliveLMS\LearnAlive\target\classes\com\lms\attendance\repository\ExamMapper.class]
2025-03-29T20:58:14.533+09:00 DEBUG 55936 --- [LearnAlive] [           main] o.m.s.mapper.ClassPathMapperScanner      : Identified candidate component class: file [C:\GitRepository\LearnAliveLMS\LearnAlive\target\classes\com\lms\attendance\repository\ExamQuestionMapper.class]
2025-03-29T20:58:14.533+09:00 DEBUG 55936 --- [LearnAlive] [           main] o.m.s.mapper.ClassPathMapperScanner      : Identified candidate component class: file [C:\GitRepository\LearnAliveLMS\LearnAlive\target\classes\com\lms\attendance\repository\ExamScoreMapper.class]
2025-03-29T20:58:14.533+09:00 DEBUG 55936 --- [LearnAlive] [           main] o.m.s.mapper.ClassPathMapperScanner      : Identified candidate component class: file [C:\GitRepository\LearnAliveLMS\LearnAlive\target\classes\com\lms\attendance\repository\ExamSubmissionMapper.class]
2025-03-29T20:58:14.533+09:00 DEBUG 55936 --- [LearnAlive] [           main] o.m.s.mapper.ClassPathMapperScanner      : Identified candidate component class: file [C:\GitRepository\LearnAliveLMS\LearnAlive\target\classes\com\lms\attendance\repository\LikeMapper.class]
2025-03-29T20:58:14.533+09:00 DEBUG 55936 --- [LearnAlive] [           main] o.m.s.mapper.ClassPathMapperScanner      : Identified candidate component class: file [C:\GitRepository\LearnAliveLMS\LearnAlive\target\classes\com\lms\attendance\repository\MyProfileMapper.class]
2025-03-29T20:58:14.533+09:00 DEBUG 55936 --- [LearnAlive] [           main] o.m.s.mapper.ClassPathMapperScanner      : Identified candidate component class: file [C:\GitRepository\LearnAliveLMS\LearnAlive\target\classes\com\lms\attendance\repository\NoticeMapper.class]
2025-03-29T20:58:14.533+09:00 DEBUG 55936 --- [LearnAlive] [           main] o.m.s.mapper.ClassPathMapperScanner      : Identified candidate component class: file [C:\GitRepository\LearnAliveLMS\LearnAlive\target\classes\com\lms\attendance\repository\PostMapper.class]
2025-03-29T20:58:14.533+09:00 DEBUG 55936 --- [LearnAlive] [           main] o.m.s.mapper.ClassPathMapperScanner      : Identified candidate component class: file [C:\GitRepository\LearnAliveLMS\LearnAlive\target\classes\com\lms\attendance\repository\ProfessorMapper.class]
2025-03-29T20:58:14.533+09:00 DEBUG 55936 --- [LearnAlive] [           main] o.m.s.mapper.ClassPathMapperScanner      : Identified candidate component class: file [C:\GitRepository\LearnAliveLMS\LearnAlive\target\classes\com\lms\attendance\repository\ProjectMemberMapper.class]
2025-03-29T20:58:14.533+09:00 DEBUG 55936 --- [LearnAlive] [           main] o.m.s.mapper.ClassPathMapperScanner      : Identified candidate component class: file [C:\GitRepository\LearnAliveLMS\LearnAlive\target\classes\com\lms\attendance\repository\ScheduleMapper.class]
2025-03-29T20:58:14.533+09:00 DEBUG 55936 --- [LearnAlive] [           main] o.m.s.mapper.ClassPathMapperScanner      : Identified candidate component class: file [C:\GitRepository\LearnAliveLMS\LearnAlive\target\classes\com\lms\attendance\repository\StudentMapper.class]
2025-03-29T20:58:14.533+09:00 DEBUG 55936 --- [LearnAlive] [           main] o.m.s.mapper.ClassPathMapperScanner      : Identified candidate component class: file [C:\GitRepository\LearnAliveLMS\LearnAlive\target\classes\com\lms\attendance\repository\SurveyMapper.class]
2025-03-29T20:58:14.533+09:00 DEBUG 55936 --- [LearnAlive] [           main] o.m.s.mapper.ClassPathMapperScanner      : Identified candidate component class: file [C:\GitRepository\LearnAliveLMS\LearnAlive\target\classes\com\lms\attendance\repository\SurveyResponseMapper.class]
2025-03-29T20:58:14.533+09:00 DEBUG 55936 --- [LearnAlive] [           main] o.m.s.mapper.ClassPathMapperScanner      : Identified candidate component class: file [C:\GitRepository\LearnAliveLMS\LearnAlive\target\classes\com\lms\attendance\repository\TeamActivityApplicationMapper.class]
2025-03-29T20:58:14.533+09:00 DEBUG 55936 --- [LearnAlive] [           main] o.m.s.mapper.ClassPathMapperScanner      : Identified candidate component class: file [C:\GitRepository\LearnAliveLMS\LearnAlive\target\classes\com\lms\attendance\repository\TeamActivityCommentMapper.class]
2025-03-29T20:58:14.534+09:00 DEBUG 55936 --- [LearnAlive] [           main] o.m.s.mapper.ClassPathMapperScanner      : Identified candidate component class: file [C:\GitRepository\LearnAliveLMS\LearnAlive\target\classes\com\lms\attendance\repository\TeamActivityPostMapper.class]
2025-03-29T20:58:14.534+09:00 DEBUG 55936 --- [LearnAlive] [           main] o.m.s.mapper.ClassPathMapperScanner      : Identified candidate component class: file [C:\GitRepository\LearnAliveLMS\LearnAlive\target\classes\com\lms\attendance\repository\TestMapper.class]
2025-03-29T20:58:14.535+09:00 DEBUG 55936 --- [LearnAlive] [           main] o.m.s.mapper.ClassPathMapperScanner      : Identified candidate component class: file [C:\GitRepository\LearnAliveLMS\LearnAlive\target\classes\com\lms\attendance\repository\TodoMapper.class]
2025-03-29T20:58:14.535+09:00 DEBUG 55936 --- [LearnAlive] [           main] o.m.s.mapper.ClassPathMapperScanner      : Identified candidate component class: file [C:\GitRepository\LearnAliveLMS\LearnAlive\target\classes\com\lms\attendance\repository\UniversityMapper.class]
2025-03-29T20:58:14.535+09:00 DEBUG 55936 --- [LearnAlive] [           main] o.m.s.mapper.ClassPathMapperScanner      : Creating MapperFactoryBean with name 'achievementMapper' and 'com.lms.attendance.repository.AchievementMapper' mapperInterface
2025-03-29T20:58:14.537+09:00 DEBUG 55936 --- [LearnAlive] [           main] o.m.s.mapper.ClassPathMapperScanner      : Enabling autowire by type for MapperFactoryBean with name 'achievementMapper'.
2025-03-29T20:58:14.537+09:00 DEBUG 55936 --- [LearnAlive] [           main] o.m.s.mapper.ClassPathMapperScanner      : Creating MapperFactoryBean with name 'alarmListMapper' and 'com.lms.attendance.repository.AlarmListMapper' mapperInterface
2025-03-29T20:58:14.538+09:00 DEBUG 55936 --- [LearnAlive] [           main] o.m.s.mapper.ClassPathMapperScanner      : Enabling autowire by type for MapperFactoryBean with name 'alarmListMapper'.
2025-03-29T20:58:14.538+09:00 DEBUG 55936 --- [LearnAlive] [           main] o.m.s.mapper.ClassPathMapperScanner      : Creating MapperFactoryBean with name 'attendanceMapper' and 'com.lms.attendance.repository.AttendanceMapper' mapperInterface
2025-03-29T20:58:14.538+09:00 DEBUG 55936 --- [LearnAlive] [           main] o.m.s.mapper.ClassPathMapperScanner      : Enabling autowire by type for MapperFactoryBean with name 'attendanceMapper'.
2025-03-29T20:58:14.538+09:00 DEBUG 55936 --- [LearnAlive] [           main] o.m.s.mapper.ClassPathMapperScanner      : Creating MapperFactoryBean with name 'authMapper' and 'com.lms.attendance.repository.AuthMapper' mapperInterface
2025-03-29T20:58:14.539+09:00 DEBUG 55936 --- [LearnAlive] [           main] o.m.s.mapper.ClassPathMapperScanner      : Enabling autowire by type for MapperFactoryBean with name 'authMapper'.
2025-03-29T20:58:14.539+09:00 DEBUG 55936 --- [LearnAlive] [           main] o.m.s.mapper.ClassPathMapperScanner      : Creating MapperFactoryBean with name 'boardMapper' and 'com.lms.attendance.repository.BoardMapper' mapperInterface
2025-03-29T20:58:14.540+09:00 DEBUG 55936 --- [LearnAlive] [           main] o.m.s.mapper.ClassPathMapperScanner      : Enabling autowire by type for MapperFactoryBean with name 'boardMapper'.
2025-03-29T20:58:14.540+09:00 DEBUG 55936 --- [LearnAlive] [           main] o.m.s.mapper.ClassPathMapperScanner      : Creating MapperFactoryBean with name 'classMapper' and 'com.lms.attendance.repository.ClassMapper' mapperInterface
2025-03-29T20:58:14.540+09:00 DEBUG 55936 --- [LearnAlive] [           main] o.m.s.mapper.ClassPathMapperScanner      : Enabling autowire by type for MapperFactoryBean with name 'classMapper'.
2025-03-29T20:58:14.541+09:00 DEBUG 55936 --- [LearnAlive] [           main] o.m.s.mapper.ClassPathMapperScanner      : Creating MapperFactoryBean with name 'courseMapper' and 'com.lms.attendance.repository.CourseMapper' mapperInterface
2025-03-29T20:58:14.541+09:00 DEBUG 55936 --- [LearnAlive] [           main] o.m.s.mapper.ClassPathMapperScanner      : Enabling autowire by type for MapperFactoryBean with name 'courseMapper'.
2025-03-29T20:58:14.541+09:00 DEBUG 55936 --- [LearnAlive] [           main] o.m.s.mapper.ClassPathMapperScanner      : Creating MapperFactoryBean with name 'databaseMapper' and 'com.lms.attendance.repository.DatabaseMapper' mapperInterface
2025-03-29T20:58:14.541+09:00 DEBUG 55936 --- [LearnAlive] [           main] o.m.s.mapper.ClassPathMapperScanner      : Enabling autowire by type for MapperFactoryBean with name 'databaseMapper'.
2025-03-29T20:58:14.542+09:00 DEBUG 55936 --- [LearnAlive] [           main] o.m.s.mapper.ClassPathMapperScanner      : Creating MapperFactoryBean with name 'departmentMapper' and 'com.lms.attendance.repository.DepartmentMapper' mapperInterface
2025-03-29T20:58:14.542+09:00 DEBUG 55936 --- [LearnAlive] [           main] o.m.s.mapper.ClassPathMapperScanner      : Enabling autowire by type for MapperFactoryBean with name 'departmentMapper'.
2025-03-29T20:58:14.542+09:00 DEBUG 55936 --- [LearnAlive] [           main] o.m.s.mapper.ClassPathMapperScanner      : Creating MapperFactoryBean with name 'examAnswerMapper' and 'com.lms.attendance.repository.ExamAnswerMapper' mapperInterface
2025-03-29T20:58:14.543+09:00 DEBUG 55936 --- [LearnAlive] [           main] o.m.s.mapper.ClassPathMapperScanner      : Enabling autowire by type for MapperFactoryBean with name 'examAnswerMapper'.
2025-03-29T20:58:14.543+09:00 DEBUG 55936 --- [LearnAlive] [           main] o.m.s.mapper.ClassPathMapperScanner      : Creating MapperFactoryBean with name 'examMapper' and 'com.lms.attendance.repository.ExamMapper' mapperInterface
2025-03-29T20:58:14.543+09:00 DEBUG 55936 --- [LearnAlive] [           main] o.m.s.mapper.ClassPathMapperScanner      : Enabling autowire by type for MapperFactoryBean with name 'examMapper'.
2025-03-29T20:58:14.543+09:00 DEBUG 55936 --- [LearnAlive] [           main] o.m.s.mapper.ClassPathMapperScanner      : Creating MapperFactoryBean with name 'examQuestionMapper' and 'com.lms.attendance.repository.ExamQuestionMapper' mapperInterface
2025-03-29T20:58:14.544+09:00 DEBUG 55936 --- [LearnAlive] [           main] o.m.s.mapper.ClassPathMapperScanner      : Enabling autowire by type for MapperFactoryBean with name 'examQuestionMapper'.
2025-03-29T20:58:14.544+09:00 DEBUG 55936 --- [LearnAlive] [           main] o.m.s.mapper.ClassPathMapperScanner      : Creating MapperFactoryBean with name 'examScoreMapper' and 'com.lms.attendance.repository.ExamScoreMapper' mapperInterface
2025-03-29T20:58:14.544+09:00 DEBUG 55936 --- [LearnAlive] [           main] o.m.s.mapper.ClassPathMapperScanner      : Enabling autowire by type for MapperFactoryBean with name 'examScoreMapper'.
2025-03-29T20:58:14.544+09:00 DEBUG 55936 --- [LearnAlive] [           main] o.m.s.mapper.ClassPathMapperScanner      : Creating MapperFactoryBean with name 'examSubmissionMapper' and 'com.lms.attendance.repository.ExamSubmissionMapper' mapperInterface
2025-03-29T20:58:14.545+09:00 DEBUG 55936 --- [LearnAlive] [           main] o.m.s.mapper.ClassPathMapperScanner      : Enabling autowire by type for MapperFactoryBean with name 'examSubmissionMapper'.
2025-03-29T20:58:14.545+09:00 DEBUG 55936 --- [LearnAlive] [           main] o.m.s.mapper.ClassPathMapperScanner      : Creating MapperFactoryBean with name 'likeMapper' and 'com.lms.attendance.repository.LikeMapper' mapperInterface
2025-03-29T20:58:14.545+09:00 DEBUG 55936 --- [LearnAlive] [           main] o.m.s.mapper.ClassPathMapperScanner      : Enabling autowire by type for MapperFactoryBean with name 'likeMapper'.
2025-03-29T20:58:14.545+09:00 DEBUG 55936 --- [LearnAlive] [           main] o.m.s.mapper.ClassPathMapperScanner      : Creating MapperFactoryBean with name 'myProfileMapper' and 'com.lms.attendance.repository.MyProfileMapper' mapperInterface
2025-03-29T20:58:14.546+09:00 DEBUG 55936 --- [LearnAlive] [           main] o.m.s.mapper.ClassPathMapperScanner      : Enabling autowire by type for MapperFactoryBean with name 'myProfileMapper'.
2025-03-29T20:58:14.546+09:00 DEBUG 55936 --- [LearnAlive] [           main] o.m.s.mapper.ClassPathMapperScanner      : Creating MapperFactoryBean with name 'noticeMapper' and 'com.lms.attendance.repository.NoticeMapper' mapperInterface
2025-03-29T20:58:14.546+09:00 DEBUG 55936 --- [LearnAlive] [           main] o.m.s.mapper.ClassPathMapperScanner      : Enabling autowire by type for MapperFactoryBean with name 'noticeMapper'.
2025-03-29T20:58:14.546+09:00 DEBUG 55936 --- [LearnAlive] [           main] o.m.s.mapper.ClassPathMapperScanner      : Creating MapperFactoryBean with name 'postMapper' and 'com.lms.attendance.repository.PostMapper' mapperInterface
2025-03-29T20:58:14.547+09:00 DEBUG 55936 --- [LearnAlive] [           main] o.m.s.mapper.ClassPathMapperScanner      : Enabling autowire by type for MapperFactoryBean with name 'postMapper'.
2025-03-29T20:58:14.547+09:00 DEBUG 55936 --- [LearnAlive] [           main] o.m.s.mapper.ClassPathMapperScanner      : Creating MapperFactoryBean with name 'professorMapper' and 'com.lms.attendance.repository.ProfessorMapper' mapperInterface
2025-03-29T20:58:14.547+09:00 DEBUG 55936 --- [LearnAlive] [           main] o.m.s.mapper.ClassPathMapperScanner      : Enabling autowire by type for MapperFactoryBean with name 'professorMapper'.
2025-03-29T20:58:14.547+09:00 DEBUG 55936 --- [LearnAlive] [           main] o.m.s.mapper.ClassPathMapperScanner      : Creating MapperFactoryBean with name 'projectMemberMapper' and 'com.lms.attendance.repository.ProjectMemberMapper' mapperInterface
2025-03-29T20:58:14.548+09:00 DEBUG 55936 --- [LearnAlive] [           main] o.m.s.mapper.ClassPathMapperScanner      : Enabling autowire by type for MapperFactoryBean with name 'projectMemberMapper'.
2025-03-29T20:58:14.548+09:00 DEBUG 55936 --- [LearnAlive] [           main] o.m.s.mapper.ClassPathMapperScanner      : Creating MapperFactoryBean with name 'scheduleMapper' and 'com.lms.attendance.repository.ScheduleMapper' mapperInterface
2025-03-29T20:58:14.548+09:00 DEBUG 55936 --- [LearnAlive] [           main] o.m.s.mapper.ClassPathMapperScanner      : Enabling autowire by type for MapperFactoryBean with name 'scheduleMapper'.
2025-03-29T20:58:14.548+09:00 DEBUG 55936 --- [LearnAlive] [           main] o.m.s.mapper.ClassPathMapperScanner      : Creating MapperFactoryBean with name 'studentMapper' and 'com.lms.attendance.repository.StudentMapper' mapperInterface
2025-03-29T20:58:14.549+09:00 DEBUG 55936 --- [LearnAlive] [           main] o.m.s.mapper.ClassPathMapperScanner      : Enabling autowire by type for MapperFactoryBean with name 'studentMapper'.
2025-03-29T20:58:14.549+09:00 DEBUG 55936 --- [LearnAlive] [           main] o.m.s.mapper.ClassPathMapperScanner      : Creating MapperFactoryBean with name 'surveyMapper' and 'com.lms.attendance.repository.SurveyMapper' mapperInterface
2025-03-29T20:58:14.549+09:00 DEBUG 55936 --- [LearnAlive] [           main] o.m.s.mapper.ClassPathMapperScanner      : Enabling autowire by type for MapperFactoryBean with name 'surveyMapper'.
2025-03-29T20:58:14.549+09:00 DEBUG 55936 --- [LearnAlive] [           main] o.m.s.mapper.ClassPathMapperScanner      : Creating MapperFactoryBean with name 'surveyResponseMapper' and 'com.lms.attendance.repository.SurveyResponseMapper' mapperInterface
2025-03-29T20:58:14.550+09:00 DEBUG 55936 --- [LearnAlive] [           main] o.m.s.mapper.ClassPathMapperScanner      : Enabling autowire by type for MapperFactoryBean with name 'surveyResponseMapper'.
2025-03-29T20:58:14.550+09:00 DEBUG 55936 --- [LearnAlive] [           main] o.m.s.mapper.ClassPathMapperScanner      : Creating MapperFactoryBean with name 'teamActivityApplicationMapper' and 'com.lms.attendance.repository.TeamActivityApplicationMapper' mapperInterface
2025-03-29T20:58:14.550+09:00 DEBUG 55936 --- [LearnAlive] [           main] o.m.s.mapper.ClassPathMapperScanner      : Enabling autowire by type for MapperFactoryBean with name 'teamActivityApplicationMapper'.
2025-03-29T20:58:14.550+09:00 DEBUG 55936 --- [LearnAlive] [           main] o.m.s.mapper.ClassPathMapperScanner      : Creating MapperFactoryBean with name 'teamActivityCommentMapper' and 'com.lms.attendance.repository.TeamActivityCommentMapper' mapperInterface
2025-03-29T20:58:14.551+09:00 DEBUG 55936 --- [LearnAlive] [           main] o.m.s.mapper.ClassPathMapperScanner      : Enabling autowire by type for MapperFactoryBean with name 'teamActivityCommentMapper'.
2025-03-29T20:58:14.551+09:00 DEBUG 55936 --- [LearnAlive] [           main] o.m.s.mapper.ClassPathMapperScanner      : Creating MapperFactoryBean with name 'teamActivityPostMapper' and 'com.lms.attendance.repository.TeamActivityPostMapper' mapperInterface
2025-03-29T20:58:14.551+09:00 DEBUG 55936 --- [LearnAlive] [           main] o.m.s.mapper.ClassPathMapperScanner      : Enabling autowire by type for MapperFactoryBean with name 'teamActivityPostMapper'.
2025-03-29T20:58:14.551+09:00 DEBUG 55936 --- [LearnAlive] [           main] o.m.s.mapper.ClassPathMapperScanner      : Creating MapperFactoryBean with name 'testMapper' and 'com.lms.attendance.repository.TestMapper' mapperInterface
2025-03-29T20:58:14.552+09:00 DEBUG 55936 --- [LearnAlive] [           main] o.m.s.mapper.ClassPathMapperScanner      : Enabling autowire by type for MapperFactoryBean with name 'testMapper'.
2025-03-29T20:58:14.552+09:00 DEBUG 55936 --- [LearnAlive] [           main] o.m.s.mapper.ClassPathMapperScanner      : Creating MapperFactoryBean with name 'todoMapper' and 'com.lms.attendance.repository.TodoMapper' mapperInterface
2025-03-29T20:58:14.552+09:00 DEBUG 55936 --- [LearnAlive] [           main] o.m.s.mapper.ClassPathMapperScanner      : Enabling autowire by type for MapperFactoryBean with name 'todoMapper'.
2025-03-29T20:58:14.552+09:00 DEBUG 55936 --- [LearnAlive] [           main] o.m.s.mapper.ClassPathMapperScanner      : Creating MapperFactoryBean with name 'universityMapper' and 'com.lms.attendance.repository.UniversityMapper' mapperInterface
2025-03-29T20:58:14.553+09:00 DEBUG 55936 --- [LearnAlive] [           main] o.m.s.mapper.ClassPathMapperScanner      : Enabling autowire by type for MapperFactoryBean with name 'universityMapper'.
2025-03-29T20:58:14.779+09:00 DEBUG 55936 --- [LearnAlive] [           main] o.mybatis.spring.SqlSessionFactoryBean   : Property 'configuration' or 'configLocation' not specified, using default MyBatis Configuration
2025-03-29T20:58:14.812+09:00 DEBUG 55936 --- [LearnAlive] [           main] o.mybatis.spring.SqlSessionFactoryBean   : Property 'mapperLocations' was not specified.
✅✅✅ ProfessorController Bean 생성 완료 ✅✅✅
2025-03-29T20:58:15.301+09:00  WARN 55936 --- [LearnAlive] [           main] .s.s.UserDetailsServiceAutoConfiguration : 

Using generated security password: 2d8966a3-5773-4806-a624-0c0c77c59e43

This generated password is for development use only. Your security configuration must be updated before running your application in production.

2025-03-29T20:58:15.310+09:00  INFO 55936 --- [LearnAlive] [           main] r$InitializeUserDetailsManagerConfigurer : Global AuthenticationManager configured with UserDetailsService bean with name inMemoryUserDetailsManager
2025-03-29T20:58:15.603+09:00  INFO 55936 --- [LearnAlive] [           main] o.s.b.a.w.s.WelcomePageHandlerMapping    : Adding welcome page: class path resource [static/index.html]
2025-03-29T20:58:15.892+09:00  INFO 55936 --- [LearnAlive] [           main] o.s.m.s.b.SimpleBrokerMessageHandler     : Starting...
2025-03-29T20:58:15.893+09:00  INFO 55936 --- [LearnAlive] [           main] o.s.m.s.b.SimpleBrokerMessageHandler     : BrokerAvailabilityEvent[available=true, SimpleBrokerMessageHandler [org.springframework.messaging.simp.broker.DefaultSubscriptionRegistry@43786627]]
2025-03-29T20:58:15.894+09:00  INFO 55936 --- [LearnAlive] [           main] o.s.m.s.b.SimpleBrokerMessageHandler     : Started.
2025-03-29T20:58:15.900+09:00  INFO 55936 --- [LearnAlive] [           main] c.l.a.KoreaAttendanceApplicationTests    : Started KoreaAttendanceApplicationTests in 2.351 seconds (process running for 3.085)
]]></system-out>
  </testcase>
</testsuite>